#
# There is insufficient memory for the Java Runtime Environment to continue.
# Native memory allocation (mmap) failed to map 67108864 bytes. Error detail: G1 virtual space
# Possible reasons:
#   The system is out of physical RAM or swap space
#   This process is running with CompressedOops enabled, and the Java Heap may be blocking the growth of the native heap
# Possible solutions:
#   Reduce memory load on the system
#   Increase physical memory or swap space
#   Check if swap backing store is full
#   Decrease Java heap size (-Xmx/-Xms)
#   Decrease number of Java threads
#   Decrease Java thread stack sizes (-Xss)
#   Set larger code cache with -XX:ReservedCodeCacheSize=
#   JVM is running with Unscaled Compressed Oops mode in which the Java heap is
#     placed in the first 4GB address space. The Java Heap base address is the
#     maximum limit for the native heap growth. Please use -XX:HeapBaseMinAddress
#     to set the Java Heap base and to place the Java Heap above 4GB virtual address.
# This output file may be truncated or incomplete.
#
#  Out of Memory Error (os_windows.cpp:3828), pid=5184, tid=16232
#
# JRE version:  (21.0.5) (build )
# Java VM: OpenJDK 64-Bit Server VM (21.0.5+-12932927-b750.29, mixed mode, sharing, tiered, compressed oops, compressed class ptrs, g1 gc, windows-amd64)
# No core dump will be written. Minidumps are not enabled by default on client versions of Windows
#

---------------  S U M M A R Y ------------

Command Line: org.jetbrains.kotlin.cli.jvm.K2JVMCompiler @C:\Users\User\AndroidStudioProjects\Quizapp2\app\build\20250517_17586937585960900004.compiler.options

Host: Intel(R) Core(TM) i3-8130U CPU @ 2.20GHz, 4 cores, 3G,  Windows 11 , 64 bit Build 26100 (10.0.26100.3912)
Time: Sat May 17 00:59:01 2025 South Africa Standard Time elapsed time: 0.608011 seconds (0d 0h 0m 0s)

---------------  T H R E A D  ---------------

Current thread (0x00000172eb78e590):  JavaThread "Unknown thread" [_thread_in_vm, id=16232, stack(0x00000014d3e00000,0x00000014d3f00000) (1024K)]

Stack: [0x00000014d3e00000,0x00000014d3f00000]
Native frames: (J=compiled Java code, j=interpreted, Vv=VM code, C=native code)
V  [jvm.dll+0x6cfb29]
V  [jvm.dll+0x85ded3]
V  [jvm.dll+0x86042e]
V  [jvm.dll+0x860b13]
V  [jvm.dll+0x27e6b6]
V  [jvm.dll+0x6cc385]
V  [jvm.dll+0x6c078a]
V  [jvm.dll+0x35525b]
V  [jvm.dll+0x35ceb6]
V  [jvm.dll+0x3aedd6]
V  [jvm.dll+0x3af0a8]
V  [jvm.dll+0x32792c]
V  [jvm.dll+0x32861b]
V  [jvm.dll+0x825919]
V  [jvm.dll+0x3bbfa8]
V  [jvm.dll+0x80ec88]
V  [jvm.dll+0x45015e]
V  [jvm.dll+0x4518c1]
C  [jli.dll+0x52ab]
C  [ucrtbase.dll+0x37b0]
C  [KERNEL32.DLL+0x2e8d7]
C  [ntdll.dll+0x9c5dc]


---------------  P R O C E S S  ---------------

Threads class SMR info:
_java_thread_list=0x00007ff9c4810808, length=0, elements={
}

Java Threads: ( => current thread )
Total: 0

Other Threads:
  0x00000172ed11d080 WorkerThread "GC Thread#0"                     [id=3900, stack(0x00000014d3f00000,0x00000014d4000000) (1024K)]
  0x00000172ed1273f0 ConcurrentGCThread "G1 Main Marker"            [id=19228, stack(0x00000014d4000000,0x00000014d4100000) (1024K)]
  0x00000172ed127ef0 WorkerThread "G1 Conc#0"                       [id=19620, stack(0x00000014d4100000,0x00000014d4200000) (1024K)]

[error occurred during error reporting (printing all threads), id 0xc0000005, EXCEPTION_ACCESS_VIOLATION (0xc0000005) at pc=0x00007ff9c400a967]
VM state: not at safepoint (not fully initialized)

VM Mutex/Monitor currently owned by a thread:  ([mutex/lock_event])
[0x00007ff9c487d460] Heap_lock - owner thread: 0x00000172eb78e590

Heap address: 0x00000000c1600000, size: 1002 MB, Compressed Oops mode: 32-bit

CDS archive(s) mapped at: [0x0000000000000000-0x0000000000000000-0x0000000000000000), size 0, SharedBaseAddress: 0x0000000800000000, ArchiveRelocationMode: 1.
Narrow klass base: 0x0000000000000000, Narrow klass shift: 0, Narrow klass range: 0x0

GC Precious Log:
 CardTable entry size: 512
 Card Set container configuration: InlinePtr #cards 5 size 8 Array Of Cards #cards 12 size 40 Howl #buckets 4 coarsen threshold 1843 Howl Bitmap #cards 512 size 80 coarsen threshold 460 Card regions per heap region 1 cards per card region 2048

Heap:
 garbage-first heap   total 0K, used 0K [0x00000000c1600000, 0x0000000100000000)
  region size 1024K, 0 young (0K), 0 survivors (0K)
 Metaspace       used 0K, committed 0K, reserved 0K
  class space    used 0K, committed 0K, reserved 0K

Heap Regions: E=young(eden), S=young(survivor), O=old, HS=humongous(starts), HC=humongous(continues), CS=collection set, F=free, TAMS=top-at-mark-start, PB=parsable bottom

Card table byte_map: [0x00000172ffa70000,0x00000172ffc70000] _byte_map_base: 0x00000172ff465000

Marking Bits: (CMBitMap*) 0x00000172ed11d780
 Bits: [0x0000017280000000, 0x0000017280fa8000)

GC Heap History (0 events):
No events

Dll operation events (1 events):
Event: 0.275 Loaded shared library C:\Program Files\Android\Android Studio\jbr\bin\java.dll

Deoptimization events (0 events):
No events

Classes loaded (0 events):
No events

Classes unloaded (0 events):
No events

Classes redefined (0 events):
No events

Internal exceptions (0 events):
No events

ZGC Phase Switch (0 events):
No events

VM Operations (0 events):
No events

Memory protections (0 events):
No events

Nmethod flushes (0 events):
No events

Events (0 events):
No events


Dynamic libraries:
0x00007ff6e6840000 - 0x00007ff6e684a000 	C:\Program Files\Android\Android Studio\jbr\bin\java.exe
0x00007ffa4d800000 - 0x00007ffa4da66000 	C:\WINDOWS\SYSTEM32\ntdll.dll
0x00007ffa4c7f0000 - 0x00007ffa4c8b9000 	C:\WINDOWS\System32\KERNEL32.DLL
0x00007ffa4ae10000 - 0x00007ffa4b1dc000 	C:\WINDOWS\System32\KERNELBASE.dll
0x00007ffa4b1e0000 - 0x00007ffa4b32b000 	C:\WINDOWS\System32\ucrtbase.dll
0x00007ffa40b10000 - 0x00007ffa40b28000 	C:\Program Files\Android\Android Studio\jbr\bin\jli.dll
0x00007ffa4b900000 - 0x00007ffa4baca000 	C:\WINDOWS\System32\USER32.dll
0x00007ffa4a990000 - 0x00007ffa4a9b7000 	C:\WINDOWS\System32\win32u.dll
0x00007ffa2cc30000 - 0x00007ffa2cc4b000 	C:\Program Files\Android\Android Studio\jbr\bin\VCRUNTIME140.dll
0x00007ffa4d5a0000 - 0x00007ffa4d5cb000 	C:\WINDOWS\System32\GDI32.dll
0x00007ffa34e20000 - 0x00007ffa350ba000 	C:\WINDOWS\WinSxS\amd64_microsoft.windows.common-controls_6595b64144ccf1df_6.0.26100.3912_none_3e07963ce335137e\COMCTL32.dll
0x00007ffa4b480000 - 0x00007ffa4b5b2000 	C:\WINDOWS\System32\gdi32full.dll
0x00007ffa4b3d0000 - 0x00007ffa4b473000 	C:\WINDOWS\System32\msvcp_win.dll
0x00007ffa4cee0000 - 0x00007ffa4cf89000 	C:\WINDOWS\System32\msvcrt.dll
0x00007ffa4cde0000 - 0x00007ffa4ce10000 	C:\WINDOWS\System32\IMM32.DLL
0x00007ffa41390000 - 0x00007ffa4139c000 	C:\Program Files\Android\Android Studio\jbr\bin\vcruntime140_1.dll
0x00007ffa1d620000 - 0x00007ffa1d6ad000 	C:\Program Files\Android\Android Studio\jbr\bin\msvcp140.dll
0x00007ff9c3cd0000 - 0x00007ff9c495a000 	C:\Program Files\Android\Android Studio\jbr\bin\server\jvm.dll
0x00007ffa4cb40000 - 0x00007ffa4cbf2000 	C:\WINDOWS\System32\ADVAPI32.dll
0x00007ffa4b7c0000 - 0x00007ffa4b866000 	C:\WINDOWS\System32\sechost.dll
0x00007ffa4c9c0000 - 0x00007ffa4cad6000 	C:\WINDOWS\System32\RPCRT4.dll
0x00007ffa4bad0000 - 0x00007ffa4bb44000 	C:\WINDOWS\System32\WS2_32.dll
0x00007ffa4a7e0000 - 0x00007ffa4a83e000 	C:\WINDOWS\SYSTEM32\POWRPROF.dll
0x00007ffa350e0000 - 0x00007ffa35116000 	C:\WINDOWS\SYSTEM32\WINMM.dll
0x00007ffa42ee0000 - 0x00007ffa42eeb000 	C:\WINDOWS\SYSTEM32\VERSION.dll
0x00007ffa4a7c0000 - 0x00007ffa4a7d4000 	C:\WINDOWS\SYSTEM32\UMPDC.dll
0x00007ffa49750000 - 0x00007ffa4976a000 	C:\WINDOWS\SYSTEM32\kernel.appcore.dll
0x00007ffa40210000 - 0x00007ffa4021a000 	C:\Program Files\Android\Android Studio\jbr\bin\jimage.dll
0x00007ffa48180000 - 0x00007ffa483c1000 	C:\WINDOWS\SYSTEM32\DBGHELP.DLL
0x00007ffa4c280000 - 0x00007ffa4c604000 	C:\WINDOWS\System32\combase.dll
0x00007ffa4b6d0000 - 0x00007ffa4b7b0000 	C:\WINDOWS\System32\OLEAUT32.dll
0x00007ffa30160000 - 0x00007ffa30199000 	C:\WINDOWS\SYSTEM32\dbgcore.DLL
0x00007ffa4b330000 - 0x00007ffa4b3c9000 	C:\WINDOWS\System32\bcryptPrimitives.dll
0x00007ffa27ee0000 - 0x00007ffa27f00000 	C:\Program Files\Android\Android Studio\jbr\bin\java.dll

dbghelp: loaded successfully - version: 4.0.5 - missing functions: none
symbol engine: initialized successfully - sym options: 0x614 - pdb path: .;C:\Program Files\Android\Android Studio\jbr\bin;C:\WINDOWS\SYSTEM32;C:\WINDOWS\WinSxS\amd64_microsoft.windows.common-controls_6595b64144ccf1df_6.0.26100.3912_none_3e07963ce335137e;C:\Program Files\Android\Android Studio\jbr\bin\server

VM Arguments:
java_command: org.jetbrains.kotlin.cli.jvm.K2JVMCompiler @C:\Users\User\AndroidStudioProjects\Quizapp2\app\build\20250517_17586937585960900004.compiler.options
java_class_path (initial): C:\Users\User\.gradle\caches\modules-2\files-2.1\org.jetbrains.kotlin\kotlin-compiler-embeddable\1.9.24\78dab849090e6c5e2eadb6e59a11cdc28fb67a08\kotlin-compiler-embeddable-1.9.24.jar;C:\Users\User\.gradle\caches\modules-2\files-2.1\org.jetbrains.kotlin\kotlin-stdlib\1.9.24\9928532f12c66ad816a625b3f9984f8368ca6d2b\kotlin-stdlib-1.9.24.jar;C:\Users\User\.gradle\caches\modules-2\files-2.1\org.jetbrains.kotlin\kotlin-script-runtime\1.9.24\96771497da90fbc5af1c90fce148db2595a62502\kotlin-script-runtime-1.9.24.jar;C:\Users\User\.gradle\caches\modules-2\files-2.1\org.jetbrains.kotlin\kotlin-reflect\1.6.10\1cbe9c92c12a94eea200d23c2bbaedaf3daf5132\kotlin-reflect-1.6.10.jar;C:\Users\User\.gradle\caches\modules-2\files-2.1\org.jetbrains.kotlin\kotlin-daemon-embeddable\1.9.24\86685b9c5e8d170925bd9ddbdc263374a6a73281\kotlin-daemon-embeddable-1.9.24.jar;C:\Users\User\.gradle\caches\modules-2\files-2.1\org.jetbrains.intellij.deps\trove4j\1.0.20200330\3afb14d5f9ceb459d724e907a21145e8ff394f02\trove4j-1.0.20200330.jar;C:\Users\User\.gradle\caches\modules-2\files-2.1\org.jetbrains\annotations\13.0\919f0dfe192fb4e063e7dacadee7f8bb9a2672a9\annotations-13.0.jar
Launcher Type: SUN_STANDARD

[Global flags]
     intx CICompilerCount                          = 3                                         {product} {ergonomic}
     uint ConcGCThreads                            = 1                                         {product} {ergonomic}
     uint G1ConcRefinementThreads                  = 4                                         {product} {ergonomic}
   size_t G1HeapRegionSize                         = 1048576                                   {product} {ergonomic}
    uintx GCDrainStackTargetSize                   = 64                                        {product} {ergonomic}
   size_t InitialHeapSize                          = 67108864                                  {product} {ergonomic}
   size_t MarkStackSize                            = 4194304                                   {product} {ergonomic}
   size_t MaxHeapSize                              = 1050673152                                {product} {ergonomic}
   size_t MinHeapDeltaBytes                        = 1048576                                   {product} {ergonomic}
   size_t MinHeapSize                              = 8388608                                   {product} {ergonomic}
    uintx NonNMethodCodeHeapSize                   = 5832780                                {pd product} {ergonomic}
    uintx NonProfiledCodeHeapSize                  = 122912730                              {pd product} {ergonomic}
    uintx ProfiledCodeHeapSize                     = 122912730                              {pd product} {ergonomic}
    uintx ReservedCodeCacheSize                    = 251658240                              {pd product} {ergonomic}
     bool SegmentedCodeCache                       = true                                      {product} {ergonomic}
   size_t SoftMaxHeapSize                          = 1050673152                             {manageable} {ergonomic}
     bool UseCompressedOops                        = true                           {product lp64_product} {ergonomic}
     bool UseG1GC                                  = true                                      {product} {ergonomic}
     bool UseLargePagesIndividualAllocation        = false                                  {pd product} {ergonomic}

Logging:
Log output configuration:
 #0: stdout all=warning uptime,level,tags foldmultilines=false
 #1: stderr all=off uptime,level,tags foldmultilines=false

Environment Variables:
PATH=C:\Program Files (x86)\Intel\Intel(R) Management Engine Components\iCLS\;C:\Program Files\Intel\Intel(R) Management Engine Components\iCLS\;C:\WINDOWS\system32;C:\WINDOWS;C:\WINDOWS\System32\Wbem;C:\WINDOWS\System32\WindowsPowerShell\v1.0\;C:\WINDOWS\System32\OpenSSH\;C:\Program Files (x86)\Intel\Intel(R) Management Engine Components\DAL;C:\Program Files\Intel\Intel(R) Management Engine Components\DAL;C:\Users\User\AppData\Local\Microsoft\WindowsApps;
USERNAME=User
OS=Windows_NT
PROCESSOR_IDENTIFIER=Intel64 Family 6 Model 142 Stepping 10, GenuineIntel
TMP=C:\Users\User\AppData\Local\Temp
TEMP=C:\Users\User\AppData\Local\Temp




Periodic native trim disabled

JNI global refs:
JNI global refs: 0, weak refs: 0

JNI global refs memory usage: 0, weak refs: 0

Process memory usage:
Resident Set Size: 11892K (0% of 4101348K total physical memory with 597004K free physical memory)

OOME stack traces (most recent first):
Classloader memory used:

---------------  S Y S T E M  ---------------

OS:
 Windows 11 , 64 bit Build 26100 (10.0.26100.3912)
OS uptime: 2 days 2:00 hours

CPU: total 4 (initial active 4) (2 cores per cpu, 2 threads per core) family 6 model 142 stepping 10 microcode 0xe0, cx8, cmov, fxsr, ht, mmx, 3dnowpref, sse, sse2, sse3, ssse3, sse4.1, sse4.2, popcnt, lzcnt, tsc, tscinvbit, avx, avx2, aes, erms, clmul, bmi1, bmi2, adx, fma, vzeroupper, clflush, clflushopt, rdtscp, f16c
Processor Information for all 4 processors :
  Max Mhz: 2201, Current Mhz: 1900, Mhz Limit: 1892

Memory: 4k page, system-wide physical 4005M (583M free)
TotalPageFile size 16293M (AvailPageFile size 40M)
current process WorkingSet (physical memory assigned to process): 11M, peak: 11M
current process commit charge ("private bytes"): 51M, peak: 115M

vm_info: OpenJDK 64-Bit Server VM (21.0.5+-12932927-b750.29) for windows-amd64 JRE (21.0.5+-12932927-b750.29), built on 2025-01-17T02:01:10Z by "builder" with MS VC++ 16.10 / 16.11 (VS2019)

END.
